Started GET "/" for 127.0.0.1 at 2023-07-25 19:50:19 -0400
Processing by Rails::WelcomeController#index as HTML
  Rendering /Users/stephenrhoton/.rbenv/versions/3.2.1/lib/ruby/gems/3.2.0/gems/railties-7.0.6/lib/rails/templates/rails/welcome/index.html.erb
  Rendered /Users/stephenrhoton/.rbenv/versions/3.2.1/lib/ruby/gems/3.2.0/gems/railties-7.0.6/lib/rails/templates/rails/welcome/index.html.erb (Duration: 1.3ms | Allocations: 633)
Completed 200 OK in 16ms (Views: 4.4ms | ActiveRecord: 0.0ms | Allocations: 7374)


Started GET "/" for 127.0.0.1 at 2023-07-25 20:10:42 -0400
Processing by ArticlesController#index as HTML
  Rendering layout layouts/application.html.erb
  Rendering articles/index.html.erb within layouts/application
  Rendered articles/index.html.erb within layouts/application (Duration: 0.8ms | Allocations: 295)
  Rendered layout layouts/application.html.erb (Duration: 240.9ms | Allocations: 90077)
Completed 200 OK in 258ms (Views: 247.0ms | ActiveRecord: 0.0ms | Allocations: 94010)


  [1m[35m (1.2ms)[0m  [1m[35mCREATE TABLE "schema_migrations" ("version" varchar NOT NULL PRIMARY KEY)[0m
  [1m[35m (0.7ms)[0m  [1m[35mCREATE TABLE "ar_internal_metadata" ("key" varchar NOT NULL PRIMARY KEY, "value" varchar, "created_at" datetime(6) NOT NULL, "updated_at" datetime(6) NOT NULL)[0m
  [1m[36mActiveRecord::SchemaMigration Pluck (0.2ms)[0m  [1m[34mSELECT "schema_migrations"."version" FROM "schema_migrations" ORDER BY "schema_migrations"."version" ASC[0m
Migrating to CreateArticles (20230726001122)
  [1m[36mTRANSACTION (0.0ms)[0m  [1m[36mbegin transaction[0m
  [1m[35m (0.2ms)[0m  [1m[35mCREATE TABLE "articles" ("id" integer PRIMARY KEY AUTOINCREMENT NOT NULL, "title" varchar, "body" text, "created_at" datetime(6) NOT NULL, "updated_at" datetime(6) NOT NULL)[0m
  [1m[36mActiveRecord::SchemaMigration Create (0.1ms)[0m  [1m[32mINSERT INTO "schema_migrations" ("version") VALUES (?)[0m  [["version", "20230726001122"]]
  [1m[36mTRANSACTION (0.3ms)[0m  [1m[36mcommit transaction[0m
  [1m[36mActiveRecord::InternalMetadata Load (0.0ms)[0m  [1m[34mSELECT "ar_internal_metadata".* FROM "ar_internal_metadata" WHERE "ar_internal_metadata"."key" = ? LIMIT ?[0m  [["key", "environment"], ["LIMIT", 1]]
  [1m[36mTRANSACTION (0.0ms)[0m  [1m[36mbegin transaction[0m
  [1m[36mActiveRecord::InternalMetadata Create (0.1ms)[0m  [1m[32mINSERT INTO "ar_internal_metadata" ("key", "value", "created_at", "updated_at") VALUES (?, ?, ?, ?)[0m  [["key", "environment"], ["value", "development"], ["created_at", "2023-07-26 00:11:51.197214"], ["updated_at", "2023-07-26 00:11:51.197214"]]
  [1m[36mTRANSACTION (0.2ms)[0m  [1m[36mcommit transaction[0m
  [1m[36mActiveRecord::SchemaMigration Pluck (0.0ms)[0m  [1m[34mSELECT "schema_migrations"."version" FROM "schema_migrations" ORDER BY "schema_migrations"."version" ASC[0m
  [1m[36mTRANSACTION (0.1ms)[0m  [1m[36mbegin transaction[0m
  [1m[36mArticle Create (2.6ms)[0m  [1m[32mINSERT INTO "articles" ("title", "body", "created_at", "updated_at") VALUES (?, ?, ?, ?)[0m  [["title", "Hello Rails"], ["body", "I am on Rails!"], ["created_at", "2023-07-26 00:12:26.307442"], ["updated_at", "2023-07-26 00:12:26.307442"]]
  [1m[36mTRANSACTION (0.8ms)[0m  [1m[36mcommit transaction[0m
  [1m[36mArticle Load (0.5ms)[0m  [1m[34mSELECT "articles".* FROM "articles" WHERE "articles"."id" = ? LIMIT ?[0m  [["id", 1], ["LIMIT", 1]]
Started GET "/" for 127.0.0.1 at 2023-07-25 20:14:36 -0400
  [1m[36mActiveRecord::SchemaMigration Pluck (0.1ms)[0m  [1m[34mSELECT "schema_migrations"."version" FROM "schema_migrations" ORDER BY "schema_migrations"."version" ASC[0m
Processing by ArticlesController#index as HTML
  Rendering layout layouts/application.html.erb
  Rendering articles/index.html.erb within layouts/application
  [1m[36mArticle Load (1.0ms)[0m  [1m[34mSELECT "articles".* FROM "articles"[0m
  ↳ app/views/articles/index.html.erb:4
  Rendered articles/index.html.erb within layouts/application (Duration: 14.0ms | Allocations: 5323)
  Rendered layout layouts/application.html.erb (Duration: 39.2ms | Allocations: 39483)
Completed 200 OK in 58ms (Views: 41.6ms | ActiveRecord: 1.2ms | Allocations: 44044)


Started GET "/" for 127.0.0.1 at 2023-07-25 20:22:12 -0400
  [1m[36mActiveRecord::SchemaMigration Pluck (0.1ms)[0m  [1m[34mSELECT "schema_migrations"."version" FROM "schema_migrations" ORDER BY "schema_migrations"."version" ASC[0m
Processing by ArticlesController#index as HTML
  Rendering layout layouts/application.html.erb
  Rendering articles/index.html.erb within layouts/application
  [1m[36mArticle Load (0.3ms)[0m  [1m[34mSELECT "articles".* FROM "articles"[0m
  ↳ app/views/articles/index.html.erb:4
  Rendered articles/index.html.erb within layouts/application (Duration: 14.3ms | Allocations: 5342)
  Rendered layout layouts/application.html.erb (Duration: 42.8ms | Allocations: 39564)
Completed 200 OK in 60ms (Views: 46.2ms | ActiveRecord: 0.5ms | Allocations: 44125)


Started GET "/articles/1" for 127.0.0.1 at 2023-07-25 20:22:13 -0400
Processing by ArticlesController#show as HTML
  Parameters: {"id"=>"1"}
  [1m[36mArticle Load (0.3ms)[0m  [1m[34mSELECT "articles".* FROM "articles" WHERE "articles"."id" = ? LIMIT ?[0m  [["id", 1], ["LIMIT", 1]]
  ↳ app/controllers/articles_controller.rb:6:in `show'
  Rendering layout layouts/application.html.erb
  Rendering articles/show.html.erb within layouts/application
  Rendered articles/show.html.erb within layouts/application (Duration: 0.7ms | Allocations: 148)
  Rendered layout layouts/application.html.erb (Duration: 4.4ms | Allocations: 2420)
Completed 200 OK in 10ms (Views: 4.8ms | ActiveRecord: 0.3ms | Allocations: 5030)


Started GET "/" for 127.0.0.1 at 2023-07-25 20:26:37 -0400
  [1m[36mActiveRecord::SchemaMigration Pluck (0.1ms)[0m  [1m[34mSELECT "schema_migrations"."version" FROM "schema_migrations" ORDER BY "schema_migrations"."version" ASC[0m
Processing by ArticlesController#index as HTML
  Rendering layout layouts/application.html.erb
  Rendering articles/index.html.erb within layouts/application
  [1m[36mArticle Load (0.3ms)[0m  [1m[34mSELECT "articles".* FROM "articles"[0m
  ↳ app/views/articles/index.html.erb:4
  Rendered articles/index.html.erb within layouts/application (Duration: 10.0ms | Allocations: 5441)
  Rendered layout layouts/application.html.erb (Duration: 36.5ms | Allocations: 39566)
Completed 200 OK in 55ms (Views: 41.9ms | ActiveRecord: 0.5ms | Allocations: 44125)


Started GET "/articles/1" for 127.0.0.1 at 2023-07-25 20:26:38 -0400
Processing by ArticlesController#show as HTML
  Parameters: {"id"=>"1"}
  [1m[36mArticle Load (0.3ms)[0m  [1m[34mSELECT "articles".* FROM "articles" WHERE "articles"."id" = ? LIMIT ?[0m  [["id", 1], ["LIMIT", 1]]
  ↳ app/controllers/articles_controller.rb:6:in `show'
  Rendering layout layouts/application.html.erb
  Rendering articles/show.html.erb within layouts/application
  Rendered articles/show.html.erb within layouts/application (Duration: 0.9ms | Allocations: 148)
  Rendered layout layouts/application.html.erb (Duration: 4.2ms | Allocations: 2423)
Completed 200 OK in 9ms (Views: 4.7ms | ActiveRecord: 0.3ms | Allocations: 5033)


Started GET "/" for 127.0.0.1 at 2023-07-25 20:34:37 -0400
  [1m[36mActiveRecord::SchemaMigration Pluck (0.1ms)[0m  [1m[34mSELECT "schema_migrations"."version" FROM "schema_migrations" ORDER BY "schema_migrations"."version" ASC[0m
Processing by ArticlesController#index as HTML
  Rendering layout layouts/application.html.erb
  Rendering articles/index.html.erb within layouts/application
  [1m[36mArticle Load (1.0ms)[0m  [1m[34mSELECT "articles".* FROM "articles"[0m
  ↳ app/views/articles/index.html.erb:4
  Rendered articles/index.html.erb within layouts/application (Duration: 10.5ms | Allocations: 5583)
  Rendered layout layouts/application.html.erb (Duration: 35.7ms | Allocations: 39694)
Completed 200 OK in 58ms (Views: 40.3ms | ActiveRecord: 1.2ms | Allocations: 44471)


Started GET "/articles/new" for 127.0.0.1 at 2023-07-25 20:34:39 -0400
Processing by ArticlesController#new as HTML
  Rendering layout layouts/application.html.erb
  Rendering articles/new.html.erb within layouts/application
  Rendered articles/new.html.erb within layouts/application (Duration: 8.1ms | Allocations: 2793)
  Rendered layout layouts/application.html.erb (Duration: 10.5ms | Allocations: 4899)
Completed 200 OK in 12ms (Views: 10.9ms | ActiveRecord: 0.0ms | Allocations: 5270)


Started POST "/articles" for 127.0.0.1 at 2023-07-25 20:34:43 -0400
Processing by ArticlesController#create as TURBO_STREAM
  Parameters: {"authenticity_token"=>"[FILTERED]", "article"=>{"title"=>"hjgjhgj", "body"=>"ghfhgf"}, "commit"=>"Create Article"}
  Rendering layout layouts/application.html.erb
  Rendering articles/new.html.erb within layouts/application
  Rendered articles/new.html.erb within layouts/application (Duration: 1.9ms | Allocations: 1719)
  Rendered layout layouts/application.html.erb (Duration: 5.0ms | Allocations: 3817)
Completed 422 Unprocessable Entity in 8ms (Views: 5.6ms | ActiveRecord: 0.0ms | Allocations: 5143)


Started POST "/articles" for 127.0.0.1 at 2023-07-25 20:34:53 -0400
Processing by ArticlesController#create as TURBO_STREAM
  Parameters: {"authenticity_token"=>"[FILTERED]", "article"=>{"title"=>"hgjhg", "body"=>"lkjhkljhkh kjhk kjhk"}, "commit"=>"Create Article"}
  Rendering layout layouts/application.html.erb
  Rendering articles/new.html.erb within layouts/application
  Rendered articles/new.html.erb within layouts/application (Duration: 1.9ms | Allocations: 1622)
  Rendered layout layouts/application.html.erb (Duration: 5.4ms | Allocations: 3720)
Completed 422 Unprocessable Entity in 9ms (Views: 6.0ms | ActiveRecord: 0.0ms | Allocations: 4697)


Started GET "/" for 127.0.0.1 at 2023-07-25 20:35:01 -0400
Processing by ArticlesController#index as HTML
  Rendering layout layouts/application.html.erb
  Rendering articles/index.html.erb within layouts/application
  [1m[36mArticle Load (0.2ms)[0m  [1m[34mSELECT "articles".* FROM "articles"[0m
  ↳ app/views/articles/index.html.erb:4
  Rendered articles/index.html.erb within layouts/application (Duration: 1.7ms | Allocations: 656)
  Rendered layout layouts/application.html.erb (Duration: 5.7ms | Allocations: 2918)
Completed 200 OK in 8ms (Views: 6.1ms | ActiveRecord: 0.2ms | Allocations: 3194)


Started GET "/articles/new" for 127.0.0.1 at 2023-07-25 20:35:03 -0400
Processing by ArticlesController#new as HTML
  Rendering layout layouts/application.html.erb
  Rendering articles/new.html.erb within layouts/application
  Rendered articles/new.html.erb within layouts/application (Duration: 1.0ms | Allocations: 945)
  Rendered layout layouts/application.html.erb (Duration: 2.8ms | Allocations: 3050)
Completed 200 OK in 4ms (Views: 3.1ms | ActiveRecord: 0.0ms | Allocations: 3323)


Started POST "/articles" for 127.0.0.1 at 2023-07-25 20:35:06 -0400
Processing by ArticlesController#create as TURBO_STREAM
  Parameters: {"authenticity_token"=>"[FILTERED]", "article"=>{"title"=>"", "body"=>""}, "commit"=>"Create Article"}
  Rendering layout layouts/application.html.erb
  Rendering articles/new.html.erb within layouts/application
  Rendered articles/new.html.erb within layouts/application (Duration: 2.2ms | Allocations: 1622)
  Rendered layout layouts/application.html.erb (Duration: 6.0ms | Allocations: 3719)
Completed 422 Unprocessable Entity in 11ms (Views: 6.7ms | ActiveRecord: 0.0ms | Allocations: 4696)


Started POST "/articles" for 127.0.0.1 at 2023-07-25 20:35:17 -0400
Processing by ArticlesController#create as TURBO_STREAM
  Parameters: {"authenticity_token"=>"[FILTERED]", "article"=>{"title"=>"jkghjj", "body"=>"serefefe"}, "commit"=>"Create Article"}
  Rendering layout layouts/application.html.erb
  Rendering articles/new.html.erb within layouts/application
  Rendered articles/new.html.erb within layouts/application (Duration: 1.9ms | Allocations: 1622)
  Rendered layout layouts/application.html.erb (Duration: 6.3ms | Allocations: 3719)
Completed 422 Unprocessable Entity in 9ms (Views: 7.0ms | ActiveRecord: 0.0ms | Allocations: 4694)


Started GET "/articles/new" for 127.0.0.1 at 2023-07-25 20:35:21 -0400
Processing by ArticlesController#new as HTML
  Rendering layout layouts/application.html.erb
  Rendering articles/new.html.erb within layouts/application
  Rendered articles/new.html.erb within layouts/application (Duration: 2.0ms | Allocations: 948)
  Rendered layout layouts/application.html.erb (Duration: 4.9ms | Allocations: 3053)
Completed 200 OK in 6ms (Views: 5.4ms | ActiveRecord: 0.0ms | Allocations: 3324)


Started POST "/articles" for 127.0.0.1 at 2023-07-25 20:35:27 -0400
Processing by ArticlesController#create as TURBO_STREAM
  Parameters: {"authenticity_token"=>"[FILTERED]", "article"=>{"title"=>"hgjhgj", "body"=>"jghgjgjhgjgjhgjgh"}, "commit"=>"Create Article"}
  Rendering layout layouts/application.html.erb
  Rendering articles/new.html.erb within layouts/application
  Rendered articles/new.html.erb within layouts/application (Duration: 2.3ms | Allocations: 1622)
  Rendered layout layouts/application.html.erb (Duration: 6.2ms | Allocations: 3719)
Completed 422 Unprocessable Entity in 9ms (Views: 6.8ms | ActiveRecord: 0.0ms | Allocations: 4699)


Started POST "/articles" for 127.0.0.1 at 2023-07-25 20:35:49 -0400
Processing by ArticlesController#create as TURBO_STREAM
  Parameters: {"authenticity_token"=>"[FILTERED]", "article"=>{"title"=>"jhgjhg", "body"=>"guiguguigiugiugiugiugiugiu"}, "commit"=>"Create Article"}
  Rendering layout layouts/application.html.erb
  Rendering articles/new.html.erb within layouts/application
  Rendered articles/new.html.erb within layouts/application (Duration: 2.3ms | Allocations: 1622)
  Rendered layout layouts/application.html.erb (Duration: 6.4ms | Allocations: 3719)
Completed 422 Unprocessable Entity in 12ms (Views: 7.3ms | ActiveRecord: 0.0ms | Allocations: 4702)


Started GET "/articles" for 127.0.0.1 at 2023-07-25 20:37:21 -0400
  [1m[36mActiveRecord::SchemaMigration Pluck (0.1ms)[0m  [1m[34mSELECT "schema_migrations"."version" FROM "schema_migrations" ORDER BY "schema_migrations"."version" ASC[0m
Processing by ArticlesController#index as HTML
  Rendering layout layouts/application.html.erb
  Rendering articles/index.html.erb within layouts/application
  [1m[36mArticle Load (0.3ms)[0m  [1m[34mSELECT "articles".* FROM "articles"[0m
  ↳ app/views/articles/index.html.erb:4
  Rendered articles/index.html.erb within layouts/application (Duration: 12.5ms | Allocations: 5583)
  Rendered layout layouts/application.html.erb (Duration: 38.7ms | Allocations: 39757)
Completed 200 OK in 58ms (Views: 42.3ms | ActiveRecord: 0.5ms | Allocations: 44503)


Started GET "/articles/new" for 127.0.0.1 at 2023-07-25 20:37:22 -0400
Processing by ArticlesController#new as HTML
  Rendering layout layouts/application.html.erb
  Rendering articles/new.html.erb within layouts/application
  Rendered articles/new.html.erb within layouts/application (Duration: 8.4ms | Allocations: 2244)
  Rendered layout layouts/application.html.erb (Duration: 11.8ms | Allocations: 4350)
Completed 200 OK in 15ms (Views: 12.7ms | ActiveRecord: 0.0ms | Allocations: 4721)


Started POST "/articles" for 127.0.0.1 at 2023-07-25 20:37:27 -0400
Processing by ArticlesController#create as TURBO_STREAM
  Parameters: {"authenticity_token"=>"[FILTERED]", "article"=>{"title"=>",jhkjkjhjk", "body"=>"jhgjhgjhgjghjgjhg"}, "commit"=>"Create Article"}
  [1m[36mTRANSACTION (0.1ms)[0m  [1m[36mbegin transaction[0m
  ↳ app/controllers/articles_controller.rb:16:in `create'
  [1m[36mArticle Create (0.8ms)[0m  [1m[32mINSERT INTO "articles" ("title", "body", "created_at", "updated_at") VALUES (?, ?, ?, ?)[0m  [["title", ",jhkjkjhjk"], ["body", "jhgjhgjhgjghjgjhg"], ["created_at", "2023-07-26 00:37:27.412857"], ["updated_at", "2023-07-26 00:37:27.412857"]]
  ↳ app/controllers/articles_controller.rb:16:in `create'
  [1m[36mTRANSACTION (0.9ms)[0m  [1m[36mcommit transaction[0m
  ↳ app/controllers/articles_controller.rb:16:in `create'
Redirected to http://localhost:3000/articles/2
Completed 302 Found in 8ms (ActiveRecord: 1.8ms | Allocations: 3707)


Started GET "/articles/2" for 127.0.0.1 at 2023-07-25 20:37:27 -0400
Processing by ArticlesController#show as TURBO_STREAM
  Parameters: {"id"=>"2"}
  [1m[36mArticle Load (0.3ms)[0m  [1m[34mSELECT "articles".* FROM "articles" WHERE "articles"."id" = ? LIMIT ?[0m  [["id", 2], ["LIMIT", 1]]
  ↳ app/controllers/articles_controller.rb:6:in `show'
  Rendering layout layouts/application.html.erb
  Rendering articles/show.html.erb within layouts/application
  Rendered articles/show.html.erb within layouts/application (Duration: 1.2ms | Allocations: 146)
  Rendered layout layouts/application.html.erb (Duration: 4.0ms | Allocations: 2404)
Completed 200 OK in 10ms (Views: 4.5ms | ActiveRecord: 0.3ms | Allocations: 4943)


Started GET "/" for 127.0.0.1 at 2023-07-25 20:37:31 -0400
Processing by ArticlesController#index as HTML
  Rendering layout layouts/application.html.erb
  Rendering articles/index.html.erb within layouts/application
  [1m[36mArticle Load (0.2ms)[0m  [1m[34mSELECT "articles".* FROM "articles"[0m
  ↳ app/views/articles/index.html.erb:4
  Rendered articles/index.html.erb within layouts/application (Duration: 1.9ms | Allocations: 700)
  Rendered layout layouts/application.html.erb (Duration: 4.7ms | Allocations: 2962)
Completed 200 OK in 6ms (Views: 5.1ms | ActiveRecord: 0.2ms | Allocations: 3238)


Started GET "/" for 127.0.0.1 at 2023-07-26 08:19:56 -0400
  [1m[36mActiveRecord::SchemaMigration Pluck (0.5ms)[0m  [1m[34mSELECT "schema_migrations"."version" FROM "schema_migrations" ORDER BY "schema_migrations"."version" ASC[0m
Processing by ArticlesController#index as HTML
  Rendering layout layouts/application.html.erb
  Rendering articles/index.html.erb within layouts/application
  Rendered articles/_form.html.erb (Duration: 6.7ms | Allocations: 4070)
  Rendered articles/index.html.erb within layouts/application (Duration: 8.1ms | Allocations: 4538)
  Rendered layout layouts/application.html.erb (Duration: 8.8ms | Allocations: 4638)
Completed 500 Internal Server Error in 26ms (ActiveRecord: 0.0ms | Allocations: 9325)


  
ActionView::Template::Error (undefined method `errors' for nil:NilClass):
    2:   <div>
    3:     <%= form.label :title %><br>
    4:     <%= form.text_field :title %>
    5:     <% article.errors.full_messages_for(:title).each do |message| %>
    6:       <div><%= message %></div>
    7:     <% end %>
    8:   </div>
  
app/views/articles/_form.html.erb:5
app/views/articles/_form.html.erb:1
app/views/articles/index.html.erb:3
Started GET "/" for 127.0.0.1 at 2023-07-26 08:22:27 -0400
  [1m[36mActiveRecord::SchemaMigration Pluck (0.1ms)[0m  [1m[34mSELECT "schema_migrations"."version" FROM "schema_migrations" ORDER BY "schema_migrations"."version" ASC[0m
Processing by ArticlesController#index as HTML
  Rendering layout layouts/application.html.erb
  Rendering articles/index.html.erb within layouts/application
  Rendered articles/_form.html.erb (Duration: 6.4ms | Allocations: 1782)
  Rendered articles/index.html.erb within layouts/application (Duration: 8.0ms | Allocations: 2250)
  Rendered layout layouts/application.html.erb (Duration: 8.1ms | Allocations: 2350)
Completed 500 Internal Server Error in 24ms (ActiveRecord: 0.0ms | Allocations: 7037)


  
ActionView::Template::Error (undefined local variable or method `articles' for #<ActionView::Base:0x0000000000ab90>):
    1: <%= form_with model: articles do |form| %>
    2:   <div>
    3:     <%= form.label :title %><br>
    4:     <%= form.text_field :title %>
  
app/views/articles/_form.html.erb:1
app/views/articles/index.html.erb:3
Started GET "/" for 127.0.0.1 at 2023-07-26 08:23:49 -0400
  [1m[36mActiveRecord::SchemaMigration Pluck (0.1ms)[0m  [1m[34mSELECT "schema_migrations"."version" FROM "schema_migrations" ORDER BY "schema_migrations"."version" ASC[0m
Processing by ArticlesController#index as HTML
  Rendering layout layouts/application.html.erb
  Rendering articles/index.html.erb within layouts/application
  Rendered articles/_form.html.erb (Duration: 7.1ms | Allocations: 3361)
  Rendered articles/index.html.erb within layouts/application (Duration: 9.7ms | Allocations: 3829)
  Rendered layout layouts/application.html.erb (Duration: 9.8ms | Allocations: 3929)
Completed 500 Internal Server Error in 26ms (ActiveRecord: 0.0ms | Allocations: 8616)


  
ActionView::Template::Error (undefined method `errors' for nil:NilClass):
    2:   <div>
    3:     <%= form.label :title %><br>
    4:     <%= form.text_field :title %>
    5:     <% article.errors.full_messages_for(:title).each do |message| %>
    6:       <div><%= message %></div>
    7:     <% end %>
    8:   </div>
  
app/views/articles/_form.html.erb:5
app/views/articles/_form.html.erb:1
app/views/articles/index.html.erb:3
Started GET "/" for 127.0.0.1 at 2023-07-26 08:30:35 -0400
  [1m[36mActiveRecord::SchemaMigration Pluck (0.1ms)[0m  [1m[34mSELECT "schema_migrations"."version" FROM "schema_migrations" ORDER BY "schema_migrations"."version" ASC[0m
Processing by ArticlesController#index as HTML
  Rendering layout layouts/application.html.erb
  Rendering articles/index.html.erb within layouts/application
  [1m[36mArticle Load (0.3ms)[0m  [1m[34mSELECT "articles".* FROM "articles"[0m
  ↳ app/views/articles/index.html.erb:4
  Rendered articles/index.html.erb within layouts/application (Duration: 10.7ms | Allocations: 5630)
  Rendered layout layouts/application.html.erb (Duration: 36.4ms | Allocations: 39767)
Completed 200 OK in 54ms (Views: 39.3ms | ActiveRecord: 0.5ms | Allocations: 44513)


Started GET "/articles/2" for 127.0.0.1 at 2023-07-26 08:30:37 -0400
Processing by ArticlesController#show as HTML
  Parameters: {"id"=>"2"}
  [1m[36mArticle Load (0.3ms)[0m  [1m[34mSELECT "articles".* FROM "articles" WHERE "articles"."id" = ? LIMIT ?[0m  [["id", 2], ["LIMIT", 1]]
  ↳ app/controllers/articles_controller.rb:7:in `show'
  Rendering layout layouts/application.html.erb
  Rendering articles/show.html.erb within layouts/application
  Rendered articles/show.html.erb within layouts/application (Duration: 1.4ms | Allocations: 150)
  Rendered layout layouts/application.html.erb (Duration: 4.9ms | Allocations: 2418)
Completed 200 OK in 11ms (Views: 5.5ms | ActiveRecord: 0.3ms | Allocations: 5013)


Started GET "/articles/2/edit" for 127.0.0.1 at 2023-07-26 08:30:42 -0400
Processing by ArticlesController#edit as HTML
  Parameters: {"id"=>"2"}
  [1m[36mArticle Load (0.1ms)[0m  [1m[34mSELECT "articles".* FROM "articles" WHERE "articles"."id" = ? LIMIT ?[0m  [["id", 2], ["LIMIT", 1]]
  ↳ app/controllers/articles_controller.rb:25:in `edit'
  Rendering layout layouts/application.html.erb
  Rendering articles/edit.html.erb within layouts/application
  Rendered articles/_form.html.erb (Duration: 5.3ms | Allocations: 2315)
  Rendered articles/edit.html.erb within layouts/application (Duration: 6.4ms | Allocations: 2637)
  Rendered layout layouts/application.html.erb (Duration: 8.1ms | Allocations: 4735)
Completed 200 OK in 10ms (Views: 8.4ms | ActiveRecord: 0.1ms | Allocations: 5555)


Started PATCH "/articles/2" for 127.0.0.1 at 2023-07-26 08:30:49 -0400
Processing by ArticlesController#update as TURBO_STREAM
  Parameters: {"authenticity_token"=>"[FILTERED]", "article"=>{"title"=>"Foobarar", "body"=>"jhgjhgjhgjghjgjhg"}, "commit"=>"Update Article", "id"=>"2"}
  [1m[36mArticle Load (0.1ms)[0m  [1m[34mSELECT "articles".* FROM "articles" WHERE "articles"."id" = ? LIMIT ?[0m  [["id", 2], ["LIMIT", 1]]
  ↳ app/controllers/articles_controller.rb:29:in `update'
  [1m[36mTRANSACTION (0.0ms)[0m  [1m[36mbegin transaction[0m
  ↳ app/controllers/articles_controller.rb:31:in `update'
  [1m[36mArticle Update (1.1ms)[0m  [1m[33mUPDATE "articles" SET "title" = ?, "updated_at" = ? WHERE "articles"."id" = ?[0m  [["title", "Foobarar"], ["updated_at", "2023-07-26 12:30:49.495846"], ["id", 2]]
  ↳ app/controllers/articles_controller.rb:31:in `update'
  [1m[36mTRANSACTION (0.5ms)[0m  [1m[36mcommit transaction[0m
  ↳ app/controllers/articles_controller.rb:31:in `update'
Redirected to http://localhost:3000/articles/2
Completed 302 Found in 5ms (ActiveRecord: 1.7ms | Allocations: 4246)


Started GET "/articles/2" for 127.0.0.1 at 2023-07-26 08:30:49 -0400
Processing by ArticlesController#show as TURBO_STREAM
  Parameters: {"id"=>"2"}
  [1m[36mArticle Load (0.1ms)[0m  [1m[34mSELECT "articles".* FROM "articles" WHERE "articles"."id" = ? LIMIT ?[0m  [["id", 2], ["LIMIT", 1]]
  ↳ app/controllers/articles_controller.rb:7:in `show'
  Rendering layout layouts/application.html.erb
  Rendering articles/show.html.erb within layouts/application
  Rendered articles/show.html.erb within layouts/application (Duration: 0.0ms | Allocations: 12)
  Rendered layout layouts/application.html.erb (Duration: 2.3ms | Allocations: 2279)
Completed 200 OK in 3ms (Views: 2.6ms | ActiveRecord: 0.1ms | Allocations: 3078)


Started GET "/articles" for 127.0.0.1 at 2023-07-26 08:30:54 -0400
Processing by ArticlesController#index as HTML
  Rendering layout layouts/application.html.erb
  Rendering articles/index.html.erb within layouts/application
  [1m[36mArticle Load (0.1ms)[0m  [1m[34mSELECT "articles".* FROM "articles"[0m
  ↳ app/views/articles/index.html.erb:4
  Rendered articles/index.html.erb within layouts/application (Duration: 1.6ms | Allocations: 700)
  Rendered layout layouts/application.html.erb (Duration: 5.3ms | Allocations: 2962)
Completed 200 OK in 7ms (Views: 5.6ms | ActiveRecord: 0.1ms | Allocations: 3238)


  [1m[36mActiveRecord::SchemaMigration Pluck (0.6ms)[0m  [1m[34mSELECT "schema_migrations"."version" FROM "schema_migrations" ORDER BY "schema_migrations"."version" ASC[0m
Migrating to CreateComments (20230726123311)
  [1m[36mTRANSACTION (0.0ms)[0m  [1m[36mbegin transaction[0m
  [1m[35m (1.0ms)[0m  [1m[35mCREATE TABLE "comments" ("id" integer PRIMARY KEY AUTOINCREMENT NOT NULL, "commenter" varchar, "body" text, "article_id" integer NOT NULL, "created_at" datetime(6) NOT NULL, "updated_at" datetime(6) NOT NULL, CONSTRAINT "fk_rails_3bf61a60d3"
FOREIGN KEY ("article_id")
  REFERENCES "articles" ("id")
)[0m
  [1m[35m (0.0ms)[0m  [1m[35mCREATE INDEX "index_comments_on_article_id" ON "comments" ("article_id")[0m
  [1m[36mActiveRecord::SchemaMigration Create (0.1ms)[0m  [1m[32mINSERT INTO "schema_migrations" ("version") VALUES (?)[0m  [["version", "20230726123311"]]
  [1m[36mTRANSACTION (0.9ms)[0m  [1m[36mcommit transaction[0m
  [1m[36mActiveRecord::InternalMetadata Load (0.0ms)[0m  [1m[34mSELECT "ar_internal_metadata".* FROM "ar_internal_metadata" WHERE "ar_internal_metadata"."key" = ? LIMIT ?[0m  [["key", "environment"], ["LIMIT", 1]]
  [1m[36mActiveRecord::SchemaMigration Pluck (0.0ms)[0m  [1m[34mSELECT "schema_migrations"."version" FROM "schema_migrations" ORDER BY "schema_migrations"."version" ASC[0m
Started GET "/articles" for 127.0.0.1 at 2023-07-26 09:13:33 -0400
  [1m[36mActiveRecord::SchemaMigration Pluck (0.1ms)[0m  [1m[34mSELECT "schema_migrations"."version" FROM "schema_migrations" ORDER BY "schema_migrations"."version" ASC[0m
Processing by ArticlesController#index as HTML
  Rendering layout layouts/application.html.erb
  Rendering articles/index.html.erb within layouts/application
  [1m[36mArticle Load (1.2ms)[0m  [1m[34mSELECT "articles".* FROM "articles"[0m
  ↳ app/views/articles/index.html.erb:4
  Rendered articles/index.html.erb within layouts/application (Duration: 4.9ms | Allocations: 5156)
  Rendered layout layouts/application.html.erb (Duration: 31.0ms | Allocations: 39270)
Completed 200 OK in 52ms (Views: 31.5ms | ActiveRecord: 1.3ms | Allocations: 45467)


Started GET "/articles/1" for 127.0.0.1 at 2023-07-26 09:13:36 -0400
Processing by ArticlesController#show as HTML
  Parameters: {"id"=>"1"}
  [1m[36mArticle Load (0.4ms)[0m  [1m[34mSELECT "articles".* FROM "articles" WHERE "articles"."id" = ? LIMIT ?[0m  [["id", 1], ["LIMIT", 1]]
  ↳ app/controllers/articles_controller.rb:7:in `show'
  Rendering layout layouts/application.html.erb
  Rendering articles/show.html.erb within layouts/application
  [1m[36mComment Load (0.2ms)[0m  [1m[34mSELECT "comments".* FROM "comments" WHERE "comments"."article_id" = ?[0m  [["article_id", 1]]
  ↳ app/views/articles/show.html.erb:14
  Rendered articles/show.html.erb within layouts/application (Duration: 38.2ms | Allocations: 14805)
  Rendered layout layouts/application.html.erb (Duration: 40.8ms | Allocations: 16903)
Completed 200 OK in 51ms (Views: 40.8ms | ActiveRecord: 0.9ms | Allocations: 19512)


Started POST "/articles/1/comments" for 127.0.0.1 at 2023-07-26 09:13:42 -0400
Processing by CommentsController#create as TURBO_STREAM
  Parameters: {"authenticity_token"=>"[FILTERED]", "comment"=>{"commenter"=>"STreve", "body"=>"gjhgjhuyg"}, "commit"=>"Create Comment", "article_id"=>"1"}
  [1m[36mArticle Load (0.2ms)[0m  [1m[34mSELECT "articles".* FROM "articles" WHERE "articles"."id" = ? LIMIT ?[0m  [["id", 1], ["LIMIT", 1]]
  ↳ app/controllers/comments_controller.rb:3:in `create'
  [1m[36mTRANSACTION (0.1ms)[0m  [1m[36mbegin transaction[0m
  ↳ app/controllers/comments_controller.rb:4:in `create'
  [1m[36mComment Create (2.7ms)[0m  [1m[32mINSERT INTO "comments" ("commenter", "body", "article_id", "created_at", "updated_at") VALUES (?, ?, ?, ?, ?)[0m  [["commenter", "STreve"], ["body", "gjhgjhuyg"], ["article_id", 1], ["created_at", "2023-07-26 13:13:42.044541"], ["updated_at", "2023-07-26 13:13:42.044541"]]
  ↳ app/controllers/comments_controller.rb:4:in `create'
  [1m[36mTRANSACTION (0.6ms)[0m  [1m[36mcommit transaction[0m
  ↳ app/controllers/comments_controller.rb:4:in `create'
Redirected to http://localhost:3000/articles/1
Completed 302 Found in 11ms (ActiveRecord: 3.6ms | Allocations: 4518)


Started GET "/articles/1" for 127.0.0.1 at 2023-07-26 09:13:42 -0400
Processing by ArticlesController#show as TURBO_STREAM
  Parameters: {"id"=>"1"}
  [1m[36mArticle Load (0.1ms)[0m  [1m[34mSELECT "articles".* FROM "articles" WHERE "articles"."id" = ? LIMIT ?[0m  [["id", 1], ["LIMIT", 1]]
  ↳ app/controllers/articles_controller.rb:7:in `show'
  Rendering layout layouts/application.html.erb
  Rendering articles/show.html.erb within layouts/application
  [1m[36mComment Load (0.0ms)[0m  [1m[34mSELECT "comments".* FROM "comments" WHERE "comments"."article_id" = ?[0m  [["article_id", 1]]
  ↳ app/views/articles/show.html.erb:14
  Rendered articles/show.html.erb within layouts/application (Duration: 2.0ms | Allocations: 1856)
  Rendered layout layouts/application.html.erb (Duration: 4.0ms | Allocations: 3954)
Completed 200 OK in 5ms (Views: 4.3ms | ActiveRecord: 0.1ms | Allocations: 4753)


Started GET "/" for 127.0.0.1 at 2023-07-26 09:13:51 -0400
Processing by ArticlesController#index as HTML
  Rendering layout layouts/application.html.erb
  Rendering articles/index.html.erb within layouts/application
  [1m[36mArticle Load (0.1ms)[0m  [1m[34mSELECT "articles".* FROM "articles"[0m
  ↳ app/views/articles/index.html.erb:4
  Rendered articles/index.html.erb within layouts/application (Duration: 0.9ms | Allocations: 701)
  Rendered layout layouts/application.html.erb (Duration: 3.5ms | Allocations: 2966)
Completed 200 OK in 4ms (Views: 3.8ms | ActiveRecord: 0.1ms | Allocations: 3242)


Started GET "/articles/2" for 127.0.0.1 at 2023-07-26 09:13:54 -0400
Processing by ArticlesController#show as HTML
  Parameters: {"id"=>"2"}
  [1m[36mArticle Load (0.3ms)[0m  [1m[34mSELECT "articles".* FROM "articles" WHERE "articles"."id" = ? LIMIT ?[0m  [["id", 2], ["LIMIT", 1]]
  ↳ app/controllers/articles_controller.rb:7:in `show'
  Rendering layout layouts/application.html.erb
  Rendering articles/show.html.erb within layouts/application
  [1m[36mComment Load (0.1ms)[0m  [1m[34mSELECT "comments".* FROM "comments" WHERE "comments"."article_id" = ?[0m  [["article_id", 2]]
  ↳ app/views/articles/show.html.erb:14
  Rendered articles/show.html.erb within layouts/application (Duration: 4.2ms | Allocations: 1787)
  Rendered layout layouts/application.html.erb (Duration: 7.8ms | Allocations: 3885)
Completed 200 OK in 12ms (Views: 8.3ms | ActiveRecord: 0.4ms | Allocations: 4647)


Started GET "/articles/1" for 127.0.0.1 at 2023-07-26 09:13:57 -0400
Processing by ArticlesController#show as HTML
  Parameters: {"id"=>"1"}
  [1m[36mArticle Load (0.2ms)[0m  [1m[34mSELECT "articles".* FROM "articles" WHERE "articles"."id" = ? LIMIT ?[0m  [["id", 1], ["LIMIT", 1]]
  ↳ app/controllers/articles_controller.rb:7:in `show'
  Rendering layout layouts/application.html.erb
  Rendering articles/show.html.erb within layouts/application
  [1m[36mComment Load (0.1ms)[0m  [1m[34mSELECT "comments".* FROM "comments" WHERE "comments"."article_id" = ?[0m  [["article_id", 1]]
  ↳ app/views/articles/show.html.erb:14
  Rendered articles/show.html.erb within layouts/application (Duration: 14.2ms | Allocations: 1836)
  Rendered layout layouts/application.html.erb (Duration: 18.1ms | Allocations: 3967)
Completed 200 OK in 21ms (Views: 18.5ms | ActiveRecord: 0.2ms | Allocations: 4718)


Started GET "/" for 127.0.0.1 at 2023-07-26 09:16:26 -0400
  [1m[36mActiveRecord::SchemaMigration Pluck (0.1ms)[0m  [1m[34mSELECT "schema_migrations"."version" FROM "schema_migrations" ORDER BY "schema_migrations"."version" ASC[0m
Processing by ArticlesController#index as HTML
  Rendering layout layouts/application.html.erb
  Rendering articles/index.html.erb within layouts/application
  [1m[36mArticle Load (1.2ms)[0m  [1m[34mSELECT "articles".* FROM "articles"[0m
  ↳ app/views/articles/index.html.erb:4
  Rendered articles/index.html.erb within layouts/application (Duration: 5.9ms | Allocations: 5156)
  Rendered layout layouts/application.html.erb (Duration: 33.0ms | Allocations: 39130)
Completed 200 OK in 58ms (Views: 33.5ms | ActiveRecord: 1.4ms | Allocations: 44989)


Started GET "/articles/2" for 127.0.0.1 at 2023-07-26 09:16:28 -0400
Processing by ArticlesController#show as HTML
  Parameters: {"id"=>"2"}
  [1m[36mArticle Load (0.1ms)[0m  [1m[34mSELECT "articles".* FROM "articles" WHERE "articles"."id" = ? LIMIT ?[0m  [["id", 2], ["LIMIT", 1]]
  ↳ app/controllers/articles_controller.rb:7:in `show'
  Rendering layout layouts/application.html.erb
  Rendering articles/show.html.erb within layouts/application
  [1m[36mComment Load (0.2ms)[0m  [1m[34mSELECT "comments".* FROM "comments" WHERE "comments"."article_id" = ?[0m  [["article_id", 2]]
  ↳ app/views/articles/show.html.erb:14
  Rendered collection of templates [0 times] (Duration: 0.0ms | Allocations: 32)
  Rendered articles/show.html.erb within layouts/application (Duration: 12.0ms | Allocations: 10751)
  Rendered layout layouts/application.html.erb (Duration: 13.6ms | Allocations: 12849)
Completed 200 OK in 18ms (Views: 13.4ms | ActiveRecord: 0.5ms | Allocations: 15458)


Started GET "/articles/1" for 127.0.0.1 at 2023-07-26 09:16:31 -0400
Processing by ArticlesController#show as HTML
  Parameters: {"id"=>"1"}
  [1m[36mArticle Load (0.1ms)[0m  [1m[34mSELECT "articles".* FROM "articles" WHERE "articles"."id" = ? LIMIT ?[0m  [["id", 1], ["LIMIT", 1]]
  ↳ app/controllers/articles_controller.rb:7:in `show'
  Rendering layout layouts/application.html.erb
  Rendering articles/show.html.erb within layouts/application
  [1m[36mComment Load (0.1ms)[0m  [1m[34mSELECT "comments".* FROM "comments" WHERE "comments"."article_id" = ?[0m  [["article_id", 1]]
  ↳ app/views/articles/show.html.erb:14
  Rendered articles/show.html.erb within layouts/application (Duration: 3.4ms | Allocations: 2412)
  Rendered layout layouts/application.html.erb (Duration: 3.5ms | Allocations: 2500)
Completed 500 Internal Server Error in 5ms (ActiveRecord: 0.1ms | Allocations: 3262)


  
ActionView::Template::Error (Missing partial comments/_comment with {:locale=>[:en], :formats=>[:html], :variants=>[], :handlers=>[:raw, :erb, :html, :builder, :ruby, :jbuilder]}.

Searched in:
  * "/Users/stephenrhoton/git/dw_authn_poc/rails/authn_poc/app/views"
  * "/Users/stephenrhoton/.rbenv/versions/3.2.1/lib/ruby/gems/3.2.0/gems/turbo-rails-1.4.0/app/views"
  * "/Users/stephenrhoton/.rbenv/versions/3.2.1/lib/ruby/gems/3.2.0/gems/actiontext-7.0.6/app/views"
  * "/Users/stephenrhoton/.rbenv/versions/3.2.1/lib/ruby/gems/3.2.0/gems/actionmailbox-7.0.6/app/views"
):
    11: </ul>
    12: 
    13: <h2>Comments</h2>
    14: <%= render @article.comments %>
    15: 
    16: <h2>Add a comment:</h2>
    17: <%= form_with model: [ @article, @article.comments.build ] do |form| %>
  
app/views/articles/show.html.erb:14
Started GET "/" for 127.0.0.1 at 2023-07-26 09:17:53 -0400
  [1m[36mActiveRecord::SchemaMigration Pluck (0.1ms)[0m  [1m[34mSELECT "schema_migrations"."version" FROM "schema_migrations" ORDER BY "schema_migrations"."version" ASC[0m
Processing by ArticlesController#index as HTML
  Rendering layout layouts/application.html.erb
  Rendering articles/index.html.erb within layouts/application
  [1m[36mArticle Load (1.3ms)[0m  [1m[34mSELECT "articles".* FROM "articles"[0m
  ↳ app/views/articles/index.html.erb:4
  Rendered articles/index.html.erb within layouts/application (Duration: 5.5ms | Allocations: 5156)
  Rendered layout layouts/application.html.erb (Duration: 31.7ms | Allocations: 39271)
Completed 200 OK in 50ms (Views: 32.1ms | ActiveRecord: 1.4ms | Allocations: 45128)


Started GET "/articles/1" for 127.0.0.1 at 2023-07-26 09:17:54 -0400
Processing by ArticlesController#show as HTML
  Parameters: {"id"=>"1"}
  [1m[36mArticle Load (0.3ms)[0m  [1m[34mSELECT "articles".* FROM "articles" WHERE "articles"."id" = ? LIMIT ?[0m  [["id", 1], ["LIMIT", 1]]
  ↳ app/controllers/articles_controller.rb:7:in `show'
  Rendering layout layouts/application.html.erb
  Rendering articles/show.html.erb within layouts/application
  [1m[36mComment Load (0.3ms)[0m  [1m[34mSELECT "comments".* FROM "comments" WHERE "comments"."article_id" = ?[0m  [["article_id", 1]]
  ↳ app/views/articles/show.html.erb:14
  Rendered collection of comments/_comment.html.erb [1 times] (Duration: 0.7ms | Allocations: 267)
  Rendered articles/show.html.erb within layouts/application (Duration: 24.5ms | Allocations: 11193)
  Rendered layout layouts/application.html.erb (Duration: 27.2ms | Allocations: 13291)
Completed 200 OK in 33ms (Views: 27.1ms | ActiveRecord: 1.0ms | Allocations: 15900)


Started GET "/" for 127.0.0.1 at 2023-07-26 09:19:14 -0400
  [1m[36mActiveRecord::SchemaMigration Pluck (0.1ms)[0m  [1m[34mSELECT "schema_migrations"."version" FROM "schema_migrations" ORDER BY "schema_migrations"."version" ASC[0m
Processing by ArticlesController#index as HTML
  Rendering layout layouts/application.html.erb
  Rendering articles/index.html.erb within layouts/application
  [1m[36mArticle Load (1.2ms)[0m  [1m[34mSELECT "articles".* FROM "articles"[0m
  ↳ app/views/articles/index.html.erb:4
  Rendered articles/index.html.erb within layouts/application (Duration: 5.0ms | Allocations: 5156)
  Rendered layout layouts/application.html.erb (Duration: 32.2ms | Allocations: 39311)
Completed 200 OK in 50ms (Views: 32.5ms | ActiveRecord: 1.4ms | Allocations: 45168)


Started GET "/articles/1" for 127.0.0.1 at 2023-07-26 09:19:18 -0400
Processing by ArticlesController#show as HTML
  Parameters: {"id"=>"1"}
  [1m[36mArticle Load (0.3ms)[0m  [1m[34mSELECT "articles".* FROM "articles" WHERE "articles"."id" = ? LIMIT ?[0m  [["id", 1], ["LIMIT", 1]]
  ↳ app/controllers/articles_controller.rb:7:in `show'
  Rendering layout layouts/application.html.erb
  Rendering articles/show.html.erb within layouts/application
  [1m[36mComment Load (0.3ms)[0m  [1m[34mSELECT "comments".* FROM "comments" WHERE "comments"."article_id" = ?[0m  [["article_id", 1]]
  ↳ app/views/articles/show.html.erb:14
  Rendered collection of comments/_comment.html.erb [1 times] (Duration: 0.7ms | Allocations: 267)
  Rendered comments/_form.html.erb (Duration: 6.3ms | Allocations: 2561)
  Rendered articles/show.html.erb within layouts/application (Duration: 25.1ms | Allocations: 11481)
  Rendered layout layouts/application.html.erb (Duration: 28.5ms | Allocations: 13579)
Completed 200 OK in 35ms (Views: 28.4ms | ActiveRecord: 1.0ms | Allocations: 16188)


Started POST "/articles/1/comments" for 127.0.0.1 at 2023-07-26 09:19:24 -0400
Processing by CommentsController#create as TURBO_STREAM
  Parameters: {"authenticity_token"=>"[FILTERED]", "comment"=>{"commenter"=>"test2", "body"=>"tdytdyt"}, "commit"=>"Create Comment", "article_id"=>"1"}
  [1m[36mArticle Load (0.2ms)[0m  [1m[34mSELECT "articles".* FROM "articles" WHERE "articles"."id" = ? LIMIT ?[0m  [["id", 1], ["LIMIT", 1]]
  ↳ app/controllers/comments_controller.rb:3:in `create'
  [1m[36mTRANSACTION (0.1ms)[0m  [1m[36mbegin transaction[0m
  ↳ app/controllers/comments_controller.rb:4:in `create'
  [1m[36mComment Create (2.6ms)[0m  [1m[32mINSERT INTO "comments" ("commenter", "body", "article_id", "created_at", "updated_at") VALUES (?, ?, ?, ?, ?)[0m  [["commenter", "test2"], ["body", "tdytdyt"], ["article_id", 1], ["created_at", "2023-07-26 13:19:24.481682"], ["updated_at", "2023-07-26 13:19:24.481682"]]
  ↳ app/controllers/comments_controller.rb:4:in `create'
  [1m[36mTRANSACTION (0.6ms)[0m  [1m[36mcommit transaction[0m
  ↳ app/controllers/comments_controller.rb:4:in `create'
Redirected to http://localhost:3000/articles/1
Completed 302 Found in 11ms (ActiveRecord: 3.4ms | Allocations: 4500)


Started GET "/articles/1" for 127.0.0.1 at 2023-07-26 09:19:24 -0400
Processing by ArticlesController#show as TURBO_STREAM
  Parameters: {"id"=>"1"}
  [1m[36mArticle Load (0.1ms)[0m  [1m[34mSELECT "articles".* FROM "articles" WHERE "articles"."id" = ? LIMIT ?[0m  [["id", 1], ["LIMIT", 1]]
  ↳ app/controllers/articles_controller.rb:7:in `show'
  Rendering layout layouts/application.html.erb
  Rendering articles/show.html.erb within layouts/application
  [1m[36mComment Load (0.1ms)[0m  [1m[34mSELECT "comments".* FROM "comments" WHERE "comments"."article_id" = ?[0m  [["article_id", 1]]
  ↳ app/views/articles/show.html.erb:14
  Rendered collection of comments/_comment.html.erb [2 times] (Duration: 0.1ms | Allocations: 88)
  Rendered comments/_form.html.erb (Duration: 1.7ms | Allocations: 1034)
  Rendered articles/show.html.erb within layouts/application (Duration: 3.5ms | Allocations: 2155)
  Rendered layout layouts/application.html.erb (Duration: 6.1ms | Allocations: 4253)
Completed 200 OK in 8ms (Views: 6.5ms | ActiveRecord: 0.2ms | Allocations: 5052)


Started GET "/" for 127.0.0.1 at 2023-07-26 09:19:30 -0400
Processing by ArticlesController#index as HTML
  Rendering layout layouts/application.html.erb
  Rendering articles/index.html.erb within layouts/application
  [1m[36mArticle Load (0.2ms)[0m  [1m[34mSELECT "articles".* FROM "articles"[0m
  ↳ app/views/articles/index.html.erb:4
  Rendered articles/index.html.erb within layouts/application (Duration: 1.9ms | Allocations: 701)
  Rendered layout layouts/application.html.erb (Duration: 6.1ms | Allocations: 2981)
Completed 200 OK in 9ms (Views: 6.5ms | ActiveRecord: 0.2ms | Allocations: 3257)


  [1m[36mActiveRecord::SchemaMigration Pluck (0.0ms)[0m  [1m[34mSELECT "schema_migrations"."version" FROM "schema_migrations" ORDER BY "schema_migrations"."version" ASC[0m
Migrating to AddStatusToArticles (20230726132039)
  [1m[36mTRANSACTION (0.0ms)[0m  [1m[36mbegin transaction[0m
  [1m[35m (0.6ms)[0m  [1m[35mALTER TABLE "articles" ADD "status" varchar[0m
  [1m[36mActiveRecord::SchemaMigration Create (0.1ms)[0m  [1m[32mINSERT INTO "schema_migrations" ("version") VALUES (?)[0m  [["version", "20230726132039"]]
  [1m[36mTRANSACTION (0.3ms)[0m  [1m[36mcommit transaction[0m
Migrating to AddStatusToComments (20230726132040)
  [1m[36mTRANSACTION (0.0ms)[0m  [1m[36mbegin transaction[0m
  [1m[35m (0.2ms)[0m  [1m[35mALTER TABLE "comments" ADD "status" varchar[0m
  [1m[36mActiveRecord::SchemaMigration Create (0.0ms)[0m  [1m[32mINSERT INTO "schema_migrations" ("version") VALUES (?)[0m  [["version", "20230726132040"]]
  [1m[36mTRANSACTION (0.3ms)[0m  [1m[36mcommit transaction[0m
  [1m[36mActiveRecord::InternalMetadata Load (0.3ms)[0m  [1m[34mSELECT "ar_internal_metadata".* FROM "ar_internal_metadata" WHERE "ar_internal_metadata"."key" = ? LIMIT ?[0m  [["key", "environment"], ["LIMIT", 1]]
  [1m[36mActiveRecord::SchemaMigration Pluck (0.0ms)[0m  [1m[34mSELECT "schema_migrations"."version" FROM "schema_migrations" ORDER BY "schema_migrations"."version" ASC[0m
Started GET "/" for 127.0.0.1 at 2023-07-26 09:34:00 -0400
  [1m[36mActiveRecord::SchemaMigration Pluck (0.1ms)[0m  [1m[34mSELECT "schema_migrations"."version" FROM "schema_migrations" ORDER BY "schema_migrations"."version" ASC[0m
Processing by ArticlesController#index as HTML
  Rendering layout layouts/application.html.erb
  Rendering articles/index.html.erb within layouts/application
  [1m[36mArticle Count (0.7ms)[0m  [1m[34mSELECT COUNT(*) FROM "articles" WHERE "articles"."status" = ?[0m  [["status", "public"]]
  ↳ app/models/concerns/visible.rb:12:in `public_count'
  [1m[36mArticle Load (0.0ms)[0m  [1m[34mSELECT "articles".* FROM "articles"[0m
  ↳ app/views/articles/index.html.erb:6
  Rendered articles/index.html.erb within layouts/application (Duration: 6.1ms | Allocations: 7419)
  Rendered layout layouts/application.html.erb (Duration: 31.6ms | Allocations: 41481)
Completed 200 OK in 42ms (Views: 32.2ms | ActiveRecord: 1.0ms | Allocations: 47612)


Started GET "/articles/1" for 127.0.0.1 at 2023-07-26 09:34:05 -0400
Processing by ArticlesController#show as HTML
  Parameters: {"id"=>"1"}
  [1m[36mArticle Load (0.2ms)[0m  [1m[34mSELECT "articles".* FROM "articles" WHERE "articles"."id" = ? LIMIT ?[0m  [["id", 1], ["LIMIT", 1]]
  ↳ app/controllers/articles_controller.rb:7:in `show'
  Rendering layout layouts/application.html.erb
  Rendering articles/show.html.erb within layouts/application
  [1m[36mComment Load (1.0ms)[0m  [1m[34mSELECT "comments".* FROM "comments" WHERE "comments"."article_id" = ?[0m  [["article_id", 1]]
  ↳ app/views/articles/show.html.erb:14
  Rendered collection of comments/_comment.html.erb [2 times] (Duration: 1.0ms | Allocations: 301)
  Rendered comments/_form.html.erb (Duration: 7.9ms | Allocations: 3165)
  Rendered articles/show.html.erb within layouts/application (Duration: 39.6ms | Allocations: 12449)
  Rendered layout layouts/application.html.erb (Duration: 42.2ms | Allocations: 14547)
Completed 200 OK in 46ms (Views: 41.1ms | ActiveRecord: 1.8ms | Allocations: 16398)


Started POST "/articles/1/comments" for 127.0.0.1 at 2023-07-26 09:34:18 -0400
Processing by CommentsController#create as TURBO_STREAM
  Parameters: {"authenticity_token"=>"[FILTERED]", "comment"=>{"status"=>"archived", "commenter"=>"fii", "body"=>"hgfhgf"}, "commit"=>"Create Comment", "article_id"=>"1"}
  [1m[36mArticle Load (0.2ms)[0m  [1m[34mSELECT "articles".* FROM "articles" WHERE "articles"."id" = ? LIMIT ?[0m  [["id", 1], ["LIMIT", 1]]
  ↳ app/controllers/comments_controller.rb:3:in `create'
  [1m[36mTRANSACTION (0.1ms)[0m  [1m[36mbegin transaction[0m
  ↳ app/controllers/comments_controller.rb:4:in `create'
  [1m[36mComment Create (2.0ms)[0m  [1m[32mINSERT INTO "comments" ("commenter", "body", "article_id", "created_at", "updated_at", "status") VALUES (?, ?, ?, ?, ?, ?)[0m  [["commenter", "fii"], ["body", "hgfhgf"], ["article_id", 1], ["created_at", "2023-07-26 13:34:18.869465"], ["updated_at", "2023-07-26 13:34:18.869465"], ["status", "archived"]]
  ↳ app/controllers/comments_controller.rb:4:in `create'
  [1m[36mTRANSACTION (3.1ms)[0m  [1m[36mcommit transaction[0m
  ↳ app/controllers/comments_controller.rb:4:in `create'
Redirected to http://localhost:3000/articles/1
Completed 302 Found in 14ms (ActiveRecord: 5.4ms | Allocations: 4549)


Started GET "/articles/1" for 127.0.0.1 at 2023-07-26 09:34:18 -0400
Processing by ArticlesController#show as TURBO_STREAM
  Parameters: {"id"=>"1"}
  [1m[36mArticle Load (0.1ms)[0m  [1m[34mSELECT "articles".* FROM "articles" WHERE "articles"."id" = ? LIMIT ?[0m  [["id", 1], ["LIMIT", 1]]
  ↳ app/controllers/articles_controller.rb:7:in `show'
  Rendering layout layouts/application.html.erb
  Rendering articles/show.html.erb within layouts/application
  [1m[36mComment Load (0.0ms)[0m  [1m[34mSELECT "comments".* FROM "comments" WHERE "comments"."article_id" = ?[0m  [["article_id", 1]]
  ↳ app/views/articles/show.html.erb:14
  Rendered collection of comments/_comment.html.erb [3 times] (Duration: 0.1ms | Allocations: 97)
  Rendered comments/_form.html.erb (Duration: 0.9ms | Allocations: 1322)
  Rendered articles/show.html.erb within layouts/application (Duration: 1.9ms | Allocations: 2469)
  Rendered layout layouts/application.html.erb (Duration: 4.2ms | Allocations: 4567)
Completed 200 OK in 5ms (Views: 4.4ms | ActiveRecord: 0.1ms | Allocations: 5365)


Started POST "/articles/1/comments" for 127.0.0.1 at 2023-07-26 09:34:25 -0400
Processing by CommentsController#create as TURBO_STREAM
  Parameters: {"authenticity_token"=>"[FILTERED]", "comment"=>{"status"=>"public", "commenter"=>"khjgkjhkj", "body"=>"uyt7657"}, "commit"=>"Create Comment", "article_id"=>"1"}
  [1m[36mArticle Load (0.2ms)[0m  [1m[34mSELECT "articles".* FROM "articles" WHERE "articles"."id" = ? LIMIT ?[0m  [["id", 1], ["LIMIT", 1]]
  ↳ app/controllers/comments_controller.rb:3:in `create'
  [1m[36mTRANSACTION (0.1ms)[0m  [1m[36mbegin transaction[0m
  ↳ app/controllers/comments_controller.rb:4:in `create'
  [1m[36mComment Create (0.7ms)[0m  [1m[32mINSERT INTO "comments" ("commenter", "body", "article_id", "created_at", "updated_at", "status") VALUES (?, ?, ?, ?, ?, ?)[0m  [["commenter", "khjgkjhkj"], ["body", "uyt7657"], ["article_id", 1], ["created_at", "2023-07-26 13:34:25.643285"], ["updated_at", "2023-07-26 13:34:25.643285"], ["status", "public"]]
  ↳ app/controllers/comments_controller.rb:4:in `create'
  [1m[36mTRANSACTION (0.8ms)[0m  [1m[36mcommit transaction[0m
  ↳ app/controllers/comments_controller.rb:4:in `create'
Redirected to http://localhost:3000/articles/1
Completed 302 Found in 9ms (ActiveRecord: 1.7ms | Allocations: 3142)


Started GET "/articles/1" for 127.0.0.1 at 2023-07-26 09:34:25 -0400
Processing by ArticlesController#show as TURBO_STREAM
  Parameters: {"id"=>"1"}
  [1m[36mArticle Load (0.1ms)[0m  [1m[34mSELECT "articles".* FROM "articles" WHERE "articles"."id" = ? LIMIT ?[0m  [["id", 1], ["LIMIT", 1]]
  ↳ app/controllers/articles_controller.rb:7:in `show'
  Rendering layout layouts/application.html.erb
  Rendering articles/show.html.erb within layouts/application
  [1m[36mComment Load (0.1ms)[0m  [1m[34mSELECT "comments".* FROM "comments" WHERE "comments"."article_id" = ?[0m  [["article_id", 1]]
  ↳ app/views/articles/show.html.erb:14
  Rendered collection of comments/_comment.html.erb [4 times] (Duration: 0.1ms | Allocations: 108)
  Rendered comments/_form.html.erb (Duration: 1.5ms | Allocations: 1337)
  Rendered articles/show.html.erb within layouts/application (Duration: 3.0ms | Allocations: 2470)
  Rendered layout layouts/application.html.erb (Duration: 5.7ms | Allocations: 4568)
Completed 200 OK in 8ms (Views: 6.0ms | ActiveRecord: 0.2ms | Allocations: 5321)


Started GET "/" for 127.0.0.1 at 2023-07-26 09:34:35 -0400
Processing by ArticlesController#index as HTML
  Rendering layout layouts/application.html.erb
  Rendering articles/index.html.erb within layouts/application
  [1m[36mArticle Count (0.2ms)[0m  [1m[34mSELECT COUNT(*) FROM "articles" WHERE "articles"."status" = ?[0m  [["status", "public"]]
  ↳ app/models/concerns/visible.rb:12:in `public_count'
  [1m[36mArticle Load (0.1ms)[0m  [1m[34mSELECT "articles".* FROM "articles"[0m
  ↳ app/views/articles/index.html.erb:6
  Rendered articles/index.html.erb within layouts/application (Duration: 7.7ms | Allocations: 1310)
  Rendered layout layouts/application.html.erb (Duration: 11.0ms | Allocations: 3636)
Completed 200 OK in 12ms (Views: 11.1ms | ActiveRecord: 0.3ms | Allocations: 3913)


Started GET "/articles/new" for 127.0.0.1 at 2023-07-26 09:35:05 -0400
Processing by ArticlesController#new as HTML
  Rendering layout layouts/application.html.erb
  Rendering articles/new.html.erb within layouts/application
  Rendered articles/_form.html.erb (Duration: 8.8ms | Allocations: 1728)
  Rendered articles/new.html.erb within layouts/application (Duration: 11.4ms | Allocations: 1973)
  Rendered layout layouts/application.html.erb (Duration: 50.5ms | Allocations: 4078)
Completed 200 OK in 56ms (Views: 51.8ms | ActiveRecord: 0.0ms | Allocations: 4419)


Started POST "/articles" for 127.0.0.1 at 2023-07-26 09:35:13 -0400
Processing by ArticlesController#create as TURBO_STREAM
  Parameters: {"authenticity_token"=>"[FILTERED]", "article"=>{"status"=>"public", "title"=>"testpub", "body"=>"ghfhgfhgfghf"}, "commit"=>"Create Article"}
  [1m[36mTRANSACTION (0.2ms)[0m  [1m[36mbegin transaction[0m
  ↳ app/controllers/articles_controller.rb:17:in `create'
  [1m[36mArticle Create (0.7ms)[0m  [1m[32mINSERT INTO "articles" ("title", "body", "created_at", "updated_at", "status") VALUES (?, ?, ?, ?, ?)[0m  [["title", "testpub"], ["body", "ghfhgfhgfghf"], ["created_at", "2023-07-26 13:35:13.390758"], ["updated_at", "2023-07-26 13:35:13.390758"], ["status", "public"]]
  ↳ app/controllers/articles_controller.rb:17:in `create'
  [1m[36mTRANSACTION (1.7ms)[0m  [1m[36mcommit transaction[0m
  ↳ app/controllers/articles_controller.rb:17:in `create'
Redirected to http://localhost:3000/articles/3
Completed 302 Found in 12ms (ActiveRecord: 2.6ms | Allocations: 2665)


Started GET "/articles/3" for 127.0.0.1 at 2023-07-26 09:35:13 -0400
Processing by ArticlesController#show as TURBO_STREAM
  Parameters: {"id"=>"3"}
  [1m[36mArticle Load (0.1ms)[0m  [1m[34mSELECT "articles".* FROM "articles" WHERE "articles"."id" = ? LIMIT ?[0m  [["id", 3], ["LIMIT", 1]]
  ↳ app/controllers/articles_controller.rb:7:in `show'
  Rendering layout layouts/application.html.erb
  Rendering articles/show.html.erb within layouts/application
  [1m[36mComment Load (0.1ms)[0m  [1m[34mSELECT "comments".* FROM "comments" WHERE "comments"."article_id" = ?[0m  [["article_id", 3]]
  ↳ app/views/articles/show.html.erb:14
  Rendered collection of templates [0 times] (Duration: 0.1ms | Allocations: 24)
  Rendered comments/_form.html.erb (Duration: 1.5ms | Allocations: 1346)
  Rendered articles/show.html.erb within layouts/application (Duration: 3.0ms | Allocations: 2297)
  Rendered layout layouts/application.html.erb (Duration: 6.3ms | Allocations: 4395)
Completed 200 OK in 8ms (Views: 6.5ms | ActiveRecord: 0.2ms | Allocations: 5149)


Started GET "/" for 127.0.0.1 at 2023-07-26 09:35:18 -0400
Processing by ArticlesController#index as HTML
  Rendering layout layouts/application.html.erb
  Rendering articles/index.html.erb within layouts/application
  [1m[36mArticle Count (0.3ms)[0m  [1m[34mSELECT COUNT(*) FROM "articles" WHERE "articles"."status" = ?[0m  [["status", "public"]]
  ↳ app/models/concerns/visible.rb:12:in `public_count'
  [1m[36mArticle Load (0.2ms)[0m  [1m[34mSELECT "articles".* FROM "articles"[0m
  ↳ app/views/articles/index.html.erb:6
  Rendered articles/index.html.erb within layouts/application (Duration: 3.8ms | Allocations: 1351)
  Rendered layout layouts/application.html.erb (Duration: 6.2ms | Allocations: 3642)
Completed 200 OK in 8ms (Views: 6.2ms | ActiveRecord: 0.4ms | Allocations: 3911)


